nohup: ignoring input
Using seed = 42
Workers = 20
Backend = Cython

Table 1: simulation count

  Table 1: 1000 sims vs 16000 sims
  Agent1: {'num_simulations': 1000, 'use_rave': True, 'c_uct': 0.0, 'rave_bias': 0.00025, 'simulation_type': 2}
  Agent2: {'num_simulations': 16000, 'use_rave': True, 'c_uct': 0.0, 'rave_bias': 0.00025, 'simulation_type': 2}
  Games: 200, Board: side length 11, Workers: 20
  [20/200] 0 wins = 0.0% (7.4s)
  [40/200] 0 wins = 0.0% (14.9s)
  [60/200] 0 wins = 0.0% (21.2s)
  [80/200] 0 wins = 0.0% (28.7s)
  [100/200] 1 wins = 1.0% (36.1s)
  [120/200] 3 wins = 2.5% (42.6s)
  [140/200] 4 wins = 2.9% (50.5s)
  [160/200] 5 wins = 3.1% (57.5s)
  [180/200] 5 wins = 2.8% (65.0s)
  [200/200] 5 wins = 2.5% (69.6s)
  RESULT: 5/200 = 2.5% (69.6s)

  Table 1: 2000 sims vs 16000 sims
  Agent1: {'num_simulations': 2000, 'use_rave': True, 'c_uct': 0.0, 'rave_bias': 0.00025, 'simulation_type': 2}
  Agent2: {'num_simulations': 16000, 'use_rave': True, 'c_uct': 0.0, 'rave_bias': 0.00025, 'simulation_type': 2}
  Games: 200, Board: side length 11, Workers: 20
  [20/200] 6 wins = 30.0% (11.4s)
  [40/200] 10 wins = 25.0% (19.1s)
  [60/200] 13 wins = 21.7% (26.3s)
  [80/200] 17 wins = 21.2% (33.8s)
  [100/200] 17 wins = 17.0% (42.9s)
  [120/200] 23 wins = 19.2% (49.1s)
  [140/200] 26 wins = 18.6% (56.9s)
  [160/200] 30 wins = 18.8% (64.4s)
  [180/200] 32 wins = 17.8% (72.2s)
  [200/200] 34 wins = 17.0% (77.8s)
  RESULT: 34/200 = 17.0% (77.8s)

  Table 1: 4000 sims vs 16000 sims
  Agent1: {'num_simulations': 4000, 'use_rave': True, 'c_uct': 0.0, 'rave_bias': 0.00025, 'simulation_type': 2}
  Agent2: {'num_simulations': 16000, 'use_rave': True, 'c_uct': 0.0, 'rave_bias': 0.00025, 'simulation_type': 2}
  Games: 200, Board: side length 11, Workers: 20
  [20/200] 5 wins = 25.0% (10.4s)
  [40/200] 10 wins = 25.0% (18.7s)
  [60/200] 19 wins = 31.7% (29.1s)
  [80/200] 26 wins = 32.5% (38.6s)
  [100/200] 30 wins = 30.0% (46.9s)
  [120/200] 37 wins = 30.8% (55.2s)
  [140/200] 48 wins = 34.3% (64.9s)
  [160/200] 54 wins = 33.8% (72.9s)
  [180/200] 61 wins = 33.9% (81.7s)
  [200/200] 68 wins = 34.0% (89.6s)
  RESULT: 68/200 = 34.0% (89.6s)

  Table 1: 8000 sims vs 16000 sims
  Agent1: {'num_simulations': 8000, 'use_rave': True, 'c_uct': 0.0, 'rave_bias': 0.00025, 'simulation_type': 2}
  Agent2: {'num_simulations': 16000, 'use_rave': True, 'c_uct': 0.0, 'rave_bias': 0.00025, 'simulation_type': 2}
  Games: 200, Board: side length 11, Workers: 20
  [20/200] 7 wins = 35.0% (14.6s)
  [40/200] 16 wins = 40.0% (26.7s)
  [60/200] 26 wins = 43.3% (38.8s)
  [80/200] 34 wins = 42.5% (49.5s)
  [100/200] 45 wins = 45.0% (60.6s)
  [120/200] 53 wins = 44.2% (69.9s)
  [140/200] 63 wins = 45.0% (81.1s)
  [160/200] 73 wins = 45.6% (91.4s)
  [180/200] 81 wins = 45.0% (101.3s)
  [200/200] 89 wins = 44.5% (110.6s)
  RESULT: 89/200 = 44.5% (110.6s)

  Table 1: 32000 sims vs 16000 sims
  Agent1: {'num_simulations': 32000, 'use_rave': True, 'c_uct': 0.0, 'rave_bias': 0.00025, 'simulation_type': 2}
  Agent2: {'num_simulations': 16000, 'use_rave': True, 'c_uct': 0.0, 'rave_bias': 0.00025, 'simulation_type': 2}
  Games: 200, Board: side length 11, Workers: 20
  [20/200] 11 wins = 55.0% (28.0s)
  [40/200] 22 wins = 55.0% (54.3s)
  [60/200] 34 wins = 56.7% (78.8s)
  [80/200] 41 wins = 51.2% (102.6s)
  [100/200] 52 wins = 52.0% (124.1s)
  [120/200] 63 wins = 52.5% (150.9s)
  [140/200] 75 wins = 53.6% (174.9s)
  [160/200] 86 wins = 53.8% (196.3s)
  [180/200] 100 wins = 55.6% (219.1s)
  [200/200] 110 wins = 55.0% (237.0s)
  RESULT: 110/200 = 55.0% (237.0s)

  Table 1: 64000 sims vs 16000 sims
  Agent1: {'num_simulations': 64000, 'use_rave': True, 'c_uct': 0.0, 'rave_bias': 0.00025, 'simulation_type': 2}
  Agent2: {'num_simulations': 16000, 'use_rave': True, 'c_uct': 0.0, 'rave_bias': 0.00025, 'simulation_type': 2}
  Games: 200, Board: side length 11, Workers: 20
  [20/200] 11 wins = 55.0% (41.3s)
  [40/200] 23 wins = 57.5% (85.3s)
  [60/200] 34 wins = 56.7% (120.3s)
  [80/200] 46 wins = 57.5% (165.0s)
  [100/200] 59 wins = 59.0% (197.3s)
  [120/200] 71 wins = 59.2% (235.4s)
  [140/200] 84 wins = 60.0% (269.9s)
  [160/200] 97 wins = 60.6% (306.7s)
  [180/200] 109 wins = 60.6% (340.7s)
  [200/200] 121 wins = 60.5% (366.6s)
  RESULT: 121/200 = 60.5% (366.6s)

  Results saved to: /home/estor/MCTS/YClassic/results/table1_simulations_20260408_115304.json
  Appended to: /home/estor/MCTS/YClassic/results/all_results.jsonl

Table 2: UCT exploration constant

  Table 2: C=0.0 vs C=0.3
  Agent1: {'num_simulations': 16000, 'use_rave': True, 'rave_bias': 0.00025, 'simulation_type': 2, 'c_uct': 0.0}
  Agent2: {'num_simulations': 16000, 'use_rave': True, 'rave_bias': 0.00025, 'simulation_type': 2, 'c_uct': 0.3}
  Games: 200, Board: side length 11, Workers: 20
  [20/200] 16 wins = 80.0% (18.6s)
  [40/200] 35 wins = 87.5% (33.9s)
  [60/200] 54 wins = 90.0% (45.4s)
  [80/200] 72 wins = 90.0% (60.8s)
  [100/200] 91 wins = 91.0% (73.2s)
  [120/200] 108 wins = 90.0% (87.6s)
  [140/200] 125 wins = 89.3% (100.8s)
  [160/200] 144 wins = 90.0% (113.7s)
  [180/200] 163 wins = 90.6% (127.5s)
  [200/200] 180 wins = 90.0% (137.8s)
  RESULT: 180/200 = 90.0% (137.8s)

  Table 2: C=0.1 vs C=0.3
  Agent1: {'num_simulations': 16000, 'use_rave': True, 'rave_bias': 0.00025, 'simulation_type': 2, 'c_uct': 0.1}
  Agent2: {'num_simulations': 16000, 'use_rave': True, 'rave_bias': 0.00025, 'simulation_type': 2, 'c_uct': 0.3}
  Games: 200, Board: side length 11, Workers: 20
  [20/200] 16 wins = 80.0% (19.9s)
  [40/200] 32 wins = 80.0% (33.8s)
  [60/200] 49 wins = 81.7% (47.5s)
  [80/200] 66 wins = 82.5% (61.1s)
  [100/200] 85 wins = 85.0% (76.2s)
  [120/200] 100 wins = 83.3% (94.5s)
  [140/200] 114 wins = 81.4% (108.3s)
  [160/200] 126 wins = 78.8% (124.1s)
  [180/200] 137 wins = 76.1% (139.7s)
  [200/200] 152 wins = 76.0% (151.7s)
  RESULT: 152/200 = 76.0% (151.7s)

  Table 2: C=0.2 vs C=0.3
  Agent1: {'num_simulations': 16000, 'use_rave': True, 'rave_bias': 0.00025, 'simulation_type': 2, 'c_uct': 0.2}
  Agent2: {'num_simulations': 16000, 'use_rave': True, 'rave_bias': 0.00025, 'simulation_type': 2, 'c_uct': 0.3}
  Games: 200, Board: side length 11, Workers: 20
  [20/200] 11 wins = 55.0% (13.9s)
  [40/200] 25 wins = 62.5% (29.9s)
  [60/200] 37 wins = 61.7% (44.0s)
  [80/200] 47 wins = 58.8% (58.4s)
  [100/200] 57 wins = 57.0% (71.6s)
  [120/200] 69 wins = 57.5% (85.9s)
  [140/200] 81 wins = 57.9% (98.0s)
  [160/200] 93 wins = 58.1% (111.8s)
  [180/200] 106 wins = 58.9% (124.3s)
  [200/200] 118 wins = 59.0% (135.6s)
  RESULT: 118/200 = 59.0% (135.6s)

  Table 2: C=0.4 vs C=0.3
  Agent1: {'num_simulations': 16000, 'use_rave': True, 'rave_bias': 0.00025, 'simulation_type': 2, 'c_uct': 0.4}
  Agent2: {'num_simulations': 16000, 'use_rave': True, 'rave_bias': 0.00025, 'simulation_type': 2, 'c_uct': 0.3}
  Games: 200, Board: side length 11, Workers: 20
  [20/200] 8 wins = 40.0% (18.8s)
  [40/200] 19 wins = 47.5% (33.7s)
  [60/200] 28 wins = 46.7% (46.7s)
  [80/200] 37 wins = 46.2% (59.1s)
  [100/200] 48 wins = 48.0% (72.1s)
  [120/200] 55 wins = 45.8% (85.8s)
  [140/200] 64 wins = 45.7% (98.5s)
  [160/200] 73 wins = 45.6% (110.8s)
  [180/200] 81 wins = 45.0% (123.3s)
  [200/200] 91 wins = 45.5% (134.7s)
  RESULT: 91/200 = 45.5% (134.7s)

  Table 2: C=0.5 vs C=0.3
  Agent1: {'num_simulations': 16000, 'use_rave': True, 'rave_bias': 0.00025, 'simulation_type': 2, 'c_uct': 0.5}
  Agent2: {'num_simulations': 16000, 'use_rave': True, 'rave_bias': 0.00025, 'simulation_type': 2, 'c_uct': 0.3}
  Games: 200, Board: side length 11, Workers: 20
  [20/200] 7 wins = 35.0% (14.4s)
  [40/200] 14 wins = 35.0% (27.1s)
  [60/200] 23 wins = 38.3% (43.9s)
  [80/200] 33 wins = 41.2% (58.0s)
  [100/200] 42 wins = 42.0% (71.6s)
  [120/200] 51 wins = 42.5% (84.1s)
  [140/200] 57 wins = 40.7% (97.0s)
  [160/200] 69 wins = 43.1% (109.4s)
  [180/200] 78 wins = 43.3% (121.6s)
  [200/200] 87 wins = 43.5% (133.1s)
  RESULT: 87/200 = 43.5% (133.1s)

  Table 2: C=0.6 vs C=0.3
  Agent1: {'num_simulations': 16000, 'use_rave': True, 'rave_bias': 0.00025, 'simulation_type': 2, 'c_uct': 0.6}
  Agent2: {'num_simulations': 16000, 'use_rave': True, 'rave_bias': 0.00025, 'simulation_type': 2, 'c_uct': 0.3}
  Games: 200, Board: side length 11, Workers: 20
  [20/200] 10 wins = 50.0% (17.4s)
  [40/200] 18 wins = 45.0% (34.1s)
  [60/200] 31 wins = 51.7% (45.3s)
  [80/200] 37 wins = 46.2% (57.6s)
  [100/200] 44 wins = 44.0% (73.6s)
  [120/200] 54 wins = 45.0% (87.9s)
  [140/200] 64 wins = 45.7% (101.4s)
  [160/200] 73 wins = 45.6% (112.7s)
  [180/200] 81 wins = 45.0% (126.0s)
  [200/200] 91 wins = 45.5% (137.7s)
  RESULT: 91/200 = 45.5% (137.7s)

  Table 2: C=0.7 vs C=0.3
  Agent1: {'num_simulations': 16000, 'use_rave': True, 'rave_bias': 0.00025, 'simulation_type': 2, 'c_uct': 0.7}
  Agent2: {'num_simulations': 16000, 'use_rave': True, 'rave_bias': 0.00025, 'simulation_type': 2, 'c_uct': 0.3}
  Games: 200, Board: side length 11, Workers: 20
  [20/200] 12 wins = 60.0% (14.0s)
  [40/200] 23 wins = 57.5% (34.7s)
  [60/200] 33 wins = 55.0% (48.4s)
  [80/200] 42 wins = 52.5% (63.5s)
  [100/200] 52 wins = 52.0% (77.3s)
  [120/200] 63 wins = 52.5% (93.5s)
  [140/200] 72 wins = 51.4% (107.9s)
  [160/200] 79 wins = 49.4% (121.9s)
  [180/200] 88 wins = 48.9% (135.5s)
  [200/200] 95 wins = 47.5% (145.4s)
  RESULT: 95/200 = 47.5% (145.5s)

  Results saved to: /home/estor/MCTS/YClassic/results/table2_uct_constant_20260408_120920.json
  Appended to: /home/estor/MCTS/YClassic/results/all_results.jsonl

Table 3: rollout policy

  Table 3: Random vs Connectivity
  Agent1: {'num_simulations': 16000, 'use_rave': True, 'c_uct': 0.0, 'rave_bias': 0.00025, 'simulation_type': 1}
  Agent2: {'num_simulations': 16000, 'use_rave': True, 'c_uct': 0.0, 'rave_bias': 0.00025, 'simulation_type': 2}
  Games: 200, Board: side length 11, Workers: 20
  [20/200] 9 wins = 45.0% (10.9s)
  [40/200] 15 wins = 37.5% (21.5s)
  [60/200] 24 wins = 40.0% (30.3s)
  [80/200] 30 wins = 37.5% (40.2s)
  [100/200] 39 wins = 39.0% (50.6s)
  [120/200] 44 wins = 36.7% (59.4s)
  [140/200] 54 wins = 38.6% (68.5s)
  [160/200] 61 wins = 38.1% (76.4s)
  [180/200] 66 wins = 36.7% (87.2s)
  [200/200] 75 wins = 37.5% (93.9s)
  RESULT: 75/200 = 37.5% (93.9s)

  Results saved to: /home/estor/MCTS/YClassic/results/table3_rollout_policy_20260408_121054.json
  Appended to: /home/estor/MCTS/YClassic/results/all_results.jsonl

Table 4: RAVE bias

  Table 4: bias=0.0005 vs bias=0.001
  Agent1: {'num_simulations': 16000, 'use_rave': True, 'c_uct': 0.0, 'simulation_type': 2, 'rave_bias': 0.0005}
  Agent2: {'num_simulations': 16000, 'use_rave': True, 'c_uct': 0.0, 'simulation_type': 2, 'rave_bias': 0.001}
  Games: 200, Board: side length 11, Workers: 20
  [20/200] 11 wins = 55.0% (17.9s)
  [40/200] 22 wins = 55.0% (32.7s)
  [60/200] 33 wins = 55.0% (46.7s)
  [80/200] 44 wins = 55.0% (64.0s)
  [100/200] 54 wins = 54.0% (77.6s)
  [120/200] 64 wins = 53.3% (94.2s)
  [140/200] 74 wins = 52.9% (107.6s)
  [160/200] 85 wins = 53.1% (123.7s)
  [180/200] 94 wins = 52.2% (136.2s)
  [200/200] 103 wins = 51.5% (146.6s)
  RESULT: 103/200 = 51.5% (146.6s)

  Table 4: bias=0.00025 vs bias=0.001
  Agent1: {'num_simulations': 16000, 'use_rave': True, 'c_uct': 0.0, 'simulation_type': 2, 'rave_bias': 0.00025}
  Agent2: {'num_simulations': 16000, 'use_rave': True, 'c_uct': 0.0, 'simulation_type': 2, 'rave_bias': 0.001}
  Games: 200, Board: side length 11, Workers: 20
  [20/200] 11 wins = 55.0% (21.8s)
  [40/200] 21 wins = 52.5% (36.1s)
  [60/200] 30 wins = 50.0% (51.8s)
  [80/200] 42 wins = 52.5% (64.9s)
  [100/200] 50 wins = 50.0% (80.8s)
  [120/200] 61 wins = 50.8% (94.4s)
  [140/200] 70 wins = 50.0% (108.3s)
  [160/200] 80 wins = 50.0% (125.0s)
  [180/200] 91 wins = 50.6% (138.4s)
  [200/200] 100 wins = 50.0% (150.0s)
  RESULT: 100/200 = 50.0% (150.0s)

  Table 4: bias=0.000125 vs bias=0.001
  Agent1: {'num_simulations': 16000, 'use_rave': True, 'c_uct': 0.0, 'simulation_type': 2, 'rave_bias': 0.000125}
  Agent2: {'num_simulations': 16000, 'use_rave': True, 'c_uct': 0.0, 'simulation_type': 2, 'rave_bias': 0.001}
  Games: 200, Board: side length 11, Workers: 20
  [20/200] 11 wins = 55.0% (19.2s)
  [40/200] 18 wins = 45.0% (37.9s)
  [60/200] 29 wins = 48.3% (50.8s)
  [80/200] 37 wins = 46.2% (64.7s)
  [100/200] 48 wins = 48.0% (77.1s)
  [120/200] 57 wins = 47.5% (91.3s)
  [140/200] 67 wins = 47.9% (107.8s)
  [160/200] 76 wins = 47.5% (123.2s)
  [180/200] 85 wins = 47.2% (138.0s)
  [200/200] 95 wins = 47.5% (148.2s)
  RESULT: 95/200 = 47.5% (148.2s)

  Results saved to: /home/estor/MCTS/YClassic/results/table4_rave_bias_20260408_121819.json
  Appended to: /home/estor/MCTS/YClassic/results/all_results.jsonl
